<?xml version="1.0" encoding="UTF-8"?>
<!-- Generated by org.testng.reporters.JUnitReportReporter -->
<testsuite skipped="0" hostname="XANA" name="org.projectmico.artifact.Test_Application" tests="1" failures="0" timestamp="07 Mar 2018 16:33:17 GMT" time="0.021" errors="0">
  <testcase name="testApplication" time="0.021" classname="org.projectmico.artifact.Test_Application"/>
</testsuite> <!-- org.projectmico.artifact.Test_Application -->
